0001_0078_0026_0061_0030.jpg 1 78 26 61 30
0002_0075_0047_0053_0026.jpg 1 75 47 53 26
0003_0025_0069_0082_0041.jpg 1 25 69 82 41
0004_0035_0016_0104_0052.jpg 1 35 16 104 52
0005_0053_0032_0089_0044.jpg 1 53 32 89 44
0006_0013_0017_0051_0025.jpg 1 13 17 51 25
0007_0036_0054_0068_0034.jpg 1 36 54 68 34
0008_0051_0033_0066_0033.jpg 1 51 33 66 33
0009_0011_0040_0073_0036.jpg 1 11 40 73 36
0010_0054_0060_0057_0028.jpg 1 54 60 57 28
0011_0030_0082_0096_0048.jpg 1 30 82 96 48
0012_0010_0107_0055_0027.jpg 1 10 107 55 27
0013_0028_0093_0073_0036.jpg 1 28 93 73 36
0014_0068_0057_0073_0036.jpg 1 68 57 73 36
0015_0077_0102_0056_0028.jpg 1 77 102 56 28
0016_0059_0062_0065_0032.jpg 1 59 62 65 32
0017_0017_0033_0104_0052.jpg 1 17 33 104 52
0018_0064_0061_0075_0037.jpg 1 64 61 75 37
0019_0053_0079_0064_0032.jpg 1 53 79 64 32
0020_0043_0046_0096_0048.jpg 1 43 46 96 48
0021_0069_0101_0063_0031.jpg 1 69 101 63 31
0022_0015_0082_0086_0043.jpg 1 15 82 86 43
0023_0047_0083_0092_0046.jpg 1 47 83 92 46
0024_0027_0089_0097_0048.jpg 1 27 89 97 48
0025_0033_0065_0079_0039.jpg 1 33 65 79 39
0026_0025_0083_0085_0042.jpg 1 25 83 85 42
0027_0053_0024_0082_0041.jpg 1 53 24 82 41
0028_0028_0033_0104_0052.jpg 1 28 33 104 52
0029_0045_0027_0050_0025.jpg 1 45 27 50 25
0030_0053_0109_0054_0027.jpg 1 53 109 54 27
0031_0019_0029_0101_0050.jpg 1 19 29 101 50
0032_0051_0059_0084_0042.jpg 1 51 59 84 42
0033_0018_0037_0056_0028.jpg 1 18 37 56 28
0034_0050_0043_0094_0047.jpg 1 50 43 94 47
0035_0054_0018_0050_0025.jpg 1 54 18 50 25
0036_0036_0072_0073_0036.jpg 1 36 72 73 36
0037_0056_0037_0077_0038.jpg 1 56 37 77 38
0038_0062_0048_0074_0037.jpg 1 62 48 74 37
0039_0022_0052_0079_0039.jpg 1 22 52 79 39
0040_0026_0049_0085_0042.jpg 1 26 49 85 42
0041_0047_0050_0083_0041.jpg 1 47 50 83 41
0042_0049_0062_0072_0036.jpg 1 49 62 72 36
0043_0019_0045_0103_0051.jpg 1 19 45 103 51
0044_0048_0035_0084_0042.jpg 1 48 35 84 42
0045_0041_0061_0064_0032.jpg 1 41 61 64 32
0046_0041_0083_0066_0033.jpg 1 41 83 66 33
0047_0016_0045_0090_0045.jpg 1 16 45 90 45
0048_0043_0079_0098_0049.jpg 1 43 79 98 49
0049_0033_0065_0068_0034.jpg 1 33 65 68 34
0050_0039_0037_0101_0050.jpg 1 39 37 101 50
0051_0015_0085_0051_0025.jpg 1 15 85 51 25
0052_0017_0043_0067_0033.jpg 1 17 43 67 33
0053_0029_0053_0082_0041.jpg 1 29 53 82 41
0054_0029_0073_0092_0046.jpg 1 29 73 92 46
0055_0021_0037_0078_0039.jpg 1 21 37 78 39
0056_0045_0073_0074_0037.jpg 1 45 73 74 37
0057_0045_0068_0096_0048.jpg 1 45 68 96 48
0058_0072_0058_0061_0030.jpg 1 72 58 61 30
0059_0066_0105_0054_0027.jpg 1 66 105 54 27
0060_0053_0052_0062_0031.jpg 1 53 52 62 31
0061_0029_0097_0079_0039.jpg 1 29 97 79 39
0062_0016_0071_0097_0048.jpg 1 16 71 97 48
0063_0063_0040_0067_0033.jpg 1 63 40 67 33
0064_0036_0017_0099_0049.jpg 1 36 17 99 49
0065_0021_0084_0096_0048.jpg 1 21 84 96 48
0066_0039_0042_0098_0049.jpg 1 39 42 98 49
0067_0014_0081_0096_0048.jpg 1 14 81 96 48
0068_0084_0071_0050_0025.jpg 1 84 71 50 25
0069_0029_0044_0088_0044.jpg 1 29 44 88 44
0070_0021_0054_0082_0041.jpg 1 21 54 82 41
0071_0042_0035_0098_0049.jpg 1 42 35 98 49
0072_0021_0067_0087_0043.jpg 1 21 67 87 43
0073_0052_0057_0088_0044.jpg 1 52 57 88 44
0074_0006_0048_0088_0044.jpg 1 6 48 88 44
0075_0030_0052_0095_0047.jpg 1 30 52 95 47
0076_0045_0081_0082_0041.jpg 1 45 81 82 41
0077_0039_0092_0073_0036.jpg 1 39 92 73 36
0078_0043_0031_0080_0040.jpg 1 43 31 80 40
0079_0016_0056_0069_0034.jpg 1 16 56 69 34
0080_0042_0087_0094_0047.jpg 1 42 87 94 47
0081_0041_0062_0089_0044.jpg 1 41 62 89 44
0082_0052_0037_0058_0029.jpg 1 52 37 58 29
0083_0025_0032_0063_0031.jpg 1 25 32 63 31
0084_0009_0050_0052_0026.jpg 1 9 50 52 26
0085_0010_0019_0095_0047.jpg 1 10 19 95 47
0086_0006_0088_0086_0043.jpg 1 6 88 86 43
0087_0047_0090_0091_0045.jpg 1 47 90 91 45
0088_0072_0070_0069_0034.jpg 1 72 70 69 34
0089_0071_0053_0066_0033.jpg 1 71 53 66 33
0090_0022_0089_0082_0041.jpg 1 22 89 82 41
0091_0057_0079_0086_0043.jpg 1 57 79 86 43
0092_0051_0038_0064_0032.jpg 1 51 38 64 32
0093_0037_0064_0060_0030.jpg 1 37 64 60 30
0094_0028_0016_0087_0043.jpg 1 28 16 87 43
0095_0026_0078_0077_0038.jpg 1 26 78 77 38
0096_0017_0022_0094_0047.jpg 1 17 22 94 47
0097_0030_0022_0075_0037.jpg 1 30 22 75 37
0098_0015_0063_0102_0051.jpg 1 15 63 102 51
0099_0010_0038_0098_0049.jpg 1 10 38 98 49
0100_0014_0023_0054_0027.jpg 1 14 23 54 27
0101_0027_0031_0099_0049.jpg 1 27 31 99 49
0102_0019_0069_0102_0051.jpg 1 19 69 102 51
0103_0055_0049_0056_0028.jpg 1 55 49 56 28
0104_0043_0099_0073_0036.jpg 1 43 99 73 36
0105_0028_0056_0096_0048.jpg 1 28 56 96 48
0106_0025_0089_0080_0040.jpg 1 25 89 80 40
0107_0060_0089_0080_0040.jpg 1 60 89 80 40
0108_0047_0018_0097_0048.jpg 1 47 18 97 48
0109_0018_0063_0075_0037.jpg 1 18 63 75 37
0110_0082_0109_0056_0028.jpg 1 82 109 56 28
0111_0027_0082_0067_0033.jpg 1 27 82 67 33
0112_0065_0106_0060_0030.jpg 1 65 106 60 30
0113_0052_0074_0062_0031.jpg 1 52 74 62 31
0114_0014_0025_0097_0048.jpg 1 14 25 97 48
0115_0032_0075_0076_0038.jpg 1 32 75 76 38
0116_0020_0070_0087_0043.jpg 1 20 70 87 43
0117_0019_0026_0099_0049.jpg 1 19 26 99 49
0118_0056_0079_0084_0042.jpg 1 56 79 84 42
0119_0035_0048_0085_0042.jpg 1 35 48 85 42
0120_0038_0060_0081_0040.jpg 1 38 60 81 40
0121_0039_0062_0055_0027.jpg 1 39 62 55 27
0122_0058_0035_0084_0042.jpg 1 58 35 84 42
0123_0027_0025_0094_0047.jpg 1 27 25 94 47
0124_0055_0021_0075_0037.jpg 1 55 21 75 37
0125_0046_0048_0094_0047.jpg 1 46 48 94 47
0126_0023_0055_0098_0049.jpg 1 23 55 98 49
0127_0044_0099_0070_0035.jpg 1 44 99 70 35
0128_0009_0052_0069_0034.jpg 1 9 52 69 34
0129_0048_0086_0073_0036.jpg 1 48 86 73 36
0130_0014_0079_0062_0031.jpg 1 14 79 62 31
0131_0057_0056_0078_0039.jpg 1 57 56 78 39
0132_0015_0038_0102_0051.jpg 1 15 38 102 51
0133_0017_0037_0081_0040.jpg 1 17 37 81 40
0134_0008_0054_0102_0051.jpg 1 8 54 102 51
0135_0017_0017_0068_0034.jpg 1 17 17 68 34
0136_0036_0059_0098_0049.jpg 1 36 59 98 49
0137_0014_0063_0066_0033.jpg 1 14 63 66 33
0138_0057_0073_0072_0036.jpg 1 57 73 72 36
0139_0052_0064_0050_0025.jpg 1 52 64 50 25
0140_0017_0086_0065_0032.jpg 1 17 86 65 32
0141_0017_0019_0076_0038.jpg 1 17 19 76 38
0142_0056_0086_0082_0041.jpg 1 56 86 82 41
0143_0017_0043_0071_0035.jpg 1 17 43 71 35
0144_0056_0094_0058_0029.jpg 1 56 94 58 29
0145_0012_0054_0094_0047.jpg 1 12 54 94 47
0146_0068_0032_0052_0026.jpg 1 68 32 52 26
0147_0014_0071_0080_0040.jpg 1 14 71 80 40
0148_0028_0084_0092_0046.jpg 1 28 84 92 46
0149_0021_0081_0095_0047.jpg 1 21 81 95 47
0150_0047_0035_0081_0040.jpg 1 47 35 81 40
0151_0018_0074_0089_0044.jpg 1 18 74 89 44
0152_0016_0108_0059_0029.jpg 1 16 108 59 29
0153_0065_0063_0063_0031.jpg 1 65 63 63 31
0154_0042_0097_0052_0026.jpg 1 42 97 52 26
0155_0011_0094_0080_0040.jpg 1 11 94 80 40
0156_0012_0060_0063_0031.jpg 1 12 60 63 31
0157_0013_0074_0098_0049.jpg 1 13 74 98 49
0158_0025_0081_0104_0052.jpg 1 25 81 104 52
0159_0020_0049_0092_0046.jpg 1 20 49 92 46
0160_0016_0043_0089_0044.jpg 1 16 43 89 44
0161_0013_0102_0054_0027.jpg 1 13 102 54 27
0162_0047_0060_0088_0044.jpg 1 47 60 88 44
0163_0010_0052_0068_0034.jpg 1 10 52 68 34
0164_0027_0047_0098_0049.jpg 1 27 47 98 49
0165_0046_0028_0087_0043.jpg 1 46 28 87 43
0166_0049_0031_0086_0043.jpg 1 49 31 86 43
0167_0012_0027_0104_0052.jpg 1 12 27 104 52
0168_0023_0053_0069_0034.jpg 1 23 53 69 34
0169_0032_0013_0091_0045.jpg 1 32 13 91 45
0170_0020_0027_0076_0038.jpg 1 20 27 76 38
0171_0022_0051_0081_0040.jpg 1 22 51 81 40
0172_0033_0101_0050_0025.jpg 1 33 101 50 25
0173_0066_0054_0061_0030.jpg 1 66 54 61 30
0174_0031_0072_0086_0043.jpg 1 31 72 86 43
0175_0010_0012_0088_0044.jpg 1 10 12 88 44
0176_0038_0013_0061_0030.jpg 1 38 13 61 30
0177_0044_0031_0067_0033.jpg 1 44 31 67 33
0178_0043_0046_0095_0047.jpg 1 43 46 95 47
0179_0041_0025_0073_0036.jpg 1 41 25 73 36
0180_0008_0037_0102_0051.jpg 1 8 37 102 51
0181_0033_0094_0073_0036.jpg 1 33 94 73 36
0182_0058_0067_0084_0042.jpg 1 58 67 84 42
0183_0039_0023_0080_0040.jpg 1 39 23 80 40
0184_0036_0038_0086_0043.jpg 1 36 38 86 43
0185_0072_0052_0065_0032.jpg 1 72 52 65 32
0186_0040_0070_0072_0036.jpg 1 40 70 72 36
0187_0019_0034_0082_0041.jpg 1 19 34 82 41
0188_0067_0035_0069_0034.jpg 1 67 35 69 34
0189_0028_0096_0074_0037.jpg 1 28 96 74 37
0190_0063_0074_0051_0025.jpg 1 63 74 51 25
0191_0017_0073_0086_0043.jpg 1 17 73 86 43
0192_0040_0021_0085_0042.jpg 1 40 21 85 42
0193_0028_0062_0081_0040.jpg 1 28 62 81 40
0194_0033_0017_0095_0047.jpg 1 33 17 95 47
0195_0043_0071_0100_0050.jpg 1 43 71 100 50
0196_0019_0028_0099_0049.jpg 1 19 28 99 49
0197_0060_0102_0062_0031.jpg 1 60 102 62 31
0198_0037_0079_0084_0042.jpg 1 37 79 84 42
0199_0042_0039_0054_0027.jpg 1 42 39 54 27
0200_0015_0092_0083_0041.jpg 1 15 92 83 41
0001_0026_0034_0085_0042.jpg 1 26 34 85 42
0002_0044_0078_0060_0030.jpg 1 44 78 60 30
0003_0050_0068_0090_0045.jpg 1 50 68 90 45
0004_0026_0035_0098_0049.jpg 1 26 35 98 49
0005_0016_0057_0093_0046.jpg 1 16 57 93 46
0006_0030_0078_0091_0045.jpg 1 30 78 91 45
0007_0041_0031_0078_0039.jpg 1 41 31 78 39
0008_0035_0066_0086_0043.jpg 1 35 66 86 43
0009_0015_0038_0076_0038.jpg 1 15 38 76 38
0010_0064_0032_0074_0037.jpg 1 64 32 74 37
0011_0012_0055_0070_0035.jpg 1 12 55 70 35
0012_0008_0020_0069_0034.jpg 1 8 20 69 34
0013_0020_0045_0074_0037.jpg 1 20 45 74 37
0014_0024_0091_0089_0044.jpg 1 24 91 89 44
0015_0032_0093_0057_0028.jpg 1 32 93 57 28
0016_0054_0011_0075_0037.jpg 1 54 11 75 37
0017_0072_0108_0056_0028.jpg 1 72 108 56 28
0018_0007_0052_0080_0040.jpg 1 7 52 80 40
0019_0054_0095_0060_0030.jpg 1 54 95 60 30
0020_0017_0033_0098_0049.jpg 1 17 33 98 49
0021_0032_0040_0081_0040.jpg 1 32 40 81 40
0022_0030_0019_0062_0031.jpg 1 30 19 62 31
0023_0057_0087_0063_0031.jpg 1 57 87 63 31
0024_0042_0028_0077_0038.jpg 1 42 28 77 38
0025_0050_0029_0063_0031.jpg 1 50 29 63 31
0026_0060_0098_0060_0030.jpg 1 60 98 60 30
0027_0053_0067_0085_0042.jpg 1 53 67 85 42
0028_0033_0049_0069_0034.jpg 1 33 49 69 34
0029_0028_0084_0066_0033.jpg 1 28 84 66 33
0030_0026_0103_0050_0025.jpg 1 26 103 50 25
0031_0025_0081_0065_0032.jpg 1 25 81 65 32
0032_0017_0074_0103_0051.jpg 1 17 74 103 51
0033_0009_0013_0096_0048.jpg 1 9 13 96 48
0034_0015_0045_0102_0051.jpg 1 15 45 102 51
0035_0018_0079_0075_0037.jpg 1 18 79 75 37
0036_0012_0042_0086_0043.jpg 1 12 42 86 43
0037_0047_0067_0064_0032.jpg 1 47 67 64 32
0038_0056_0014_0075_0037.jpg 1 56 14 75 37
0039_0059_0100_0058_0029.jpg 1 59 100 58 29
0040_0047_0058_0088_0044.jpg 1 47 58 88 44
0041_0008_0026_0094_0047.jpg 1 8 26 94 47
0042_0020_0077_0063_0031.jpg 1 20 77 63 31
0043_0011_0094_0087_0043.jpg 1 11 94 87 43
0044_0045_0084_0089_0044.jpg 1 45 84 89 44
0045_0032_0086_0081_0040.jpg 1 32 86 81 40
0046_0051_0092_0058_0029.jpg 1 51 92 58 29
0047_0047_0034_0081_0040.jpg 1 47 34 81 40
0048_0013_0041_0081_0040.jpg 1 13 41 81 40
0049_0047_0096_0081_0040.jpg 1 47 96 81 40
0050_0007_0028_0085_0042.jpg 1 7 28 85 42
0051_0011_0070_0089_0044.jpg 1 11 70 89 44
0052_0044_0014_0078_0039.jpg 1 44 14 78 39
0053_0065_0086_0059_0029.jpg 1 65 86 59 29
0054_0052_0074_0072_0036.jpg 1 52 74 72 36
0055_0051_0062_0050_0025.jpg 1 51 62 50 25
0056_0048_0085_0050_0025.jpg 1 48 85 50 25
0057_0043_0030_0086_0043.jpg 1 43 30 86 43
0058_0027_0043_0083_0041.jpg 1 27 43 83 41
0059_0023_0056_0054_0027.jpg 1 23 56 54 27
0060_0032_0079_0068_0034.jpg 1 32 79 68 34
0061_0007_0044_0103_0051.jpg 1 7 44 103 51
0062_0043_0080_0095_0047.jpg 1 43 80 95 47
0063_0039_0058_0067_0033.jpg 1 39 58 67 33
0064_0034_0052_0061_0030.jpg 1 34 52 61 30
0065_0045_0055_0079_0039.jpg 1 45 55 79 39
0066_0076_0028_0051_0025.jpg 1 76 28 51 25
0067_0034_0075_0096_0048.jpg 1 34 75 96 48
0068_0039_0046_0089_0044.jpg 1 39 46 89 44
0069_0054_0072_0077_0038.jpg 1 54 72 77 38
0070_0031_0059_0089_0044.jpg 1 31 59 89 44
0071_0039_0049_0062_0031.jpg 1 39 49 62 31
0072_0039_0033_0100_0050.jpg 1 39 33 100 50
0073_0013_0054_0062_0031.jpg 1 13 54 62 31
0074_0025_0038_0096_0048.jpg 1 25 38 96 48
0075_0019_0065_0097_0048.jpg 1 19 65 97 48
0076_0074_0048_0063_0031.jpg 1 74 48 63 31
0077_0036_0055_0059_0029.jpg 1 36 55 59 29
0078_0049_0065_0077_0038.jpg 1 49 65 77 38
0079_0012_0032_0084_0042.jpg 1 12 32 84 42
0080_0069_0040_0067_0033.jpg 1 69 40 67 33
0081_0035_0057_0100_0050.jpg 1 35 57 100 50
0082_0035_0018_0093_0046.jpg 1 35 18 93 46
0083_0064_0015_0077_0038.jpg 1 64 15 77 38
0084_0061_0087_0054_0027.jpg 1 61 87 54 27
0085_0046_0024_0086_0043.jpg 1 46 24 86 43
0086_0075_0032_0066_0033.jpg 1 75 32 66 33
0087_0018_0025_0100_0050.jpg 1 18 25 100 50
0088_0005_0077_0100_0050.jpg 1 5 77 100 50
0089_0044_0016_0096_0048.jpg 1 44 16 96 48
0090_0053_0029_0088_0044.jpg 1 53 29 88 44
0091_0028_0039_0086_0043.jpg 1 28 39 86 43
0092_0039_0071_0074_0037.jpg 1 39 71 74 37
0093_0037_0050_0053_0026.jpg 1 37 50 53 26
0094_0030_0020_0056_0028.jpg 1 30 20 56 28
0095_0026_0029_0075_0037.jpg 1 26 29 75 37
0096_0025_0092_0082_0041.jpg 1 25 92 82 41
0097_0025_0063_0092_0046.jpg 1 25 63 92 46
0098_0050_0078_0089_0044.jpg 1 50 78 89 44
0099_0019_0089_0051_0025.jpg 1 19 89 51 25
0100_0050_0020_0088_0044.jpg 1 50 20 88 44
0101_0018_0035_0081_0040.jpg 1 18 35 81 40
0102_0010_0071_0080_0040.jpg 1 10 71 80 40
0103_0081_0036_0057_0028.jpg 1 81 36 57 28
0104_0021_0075_0100_0050.jpg 1 21 75 100 50
0105_0042_0059_0077_0038.jpg 1 42 59 77 38
0106_0017_0012_0077_0038.jpg 1 17 12 77 38
0107_0018_0027_0071_0035.jpg 1 18 27 71 35
0108_0022_0020_0056_0028.jpg 1 22 20 56 28
0109_0012_0052_0073_0036.jpg 1 12 52 73 36
0110_0046_0020_0092_0046.jpg 1 46 20 92 46
0111_0045_0055_0065_0032.jpg 1 45 55 65 32
0112_0018_0104_0064_0032.jpg 1 18 104 64 32
0113_0023_0029_0067_0033.jpg 1 23 29 67 33
0114_0028_0025_0100_0050.jpg 1 28 25 100 50
0115_0013_0087_0060_0030.jpg 1 13 87 60 30
0116_0030_0044_0053_0026.jpg 1 30 44 53 26
0117_0008_0030_0074_0037.jpg 1 8 30 74 37
0118_0066_0056_0072_0036.jpg 1 66 56 72 36
0119_0027_0051_0100_0050.jpg 1 27 51 100 50
0120_0049_0063_0083_0041.jpg 1 49 63 83 41
0121_0032_0045_0054_0027.jpg 1 32 45 54 27
0122_0015_0027_0103_0051.jpg 1 15 27 103 51
0123_0008_0024_0093_0046.jpg 1 8 24 93 46
0124_0024_0088_0094_0047.jpg 1 24 88 94 47
0125_0047_0089_0054_0027.jpg 1 47 89 54 27
0126_0028_0017_0056_0028.jpg 1 28 17 56 28
0127_0046_0056_0091_0045.jpg 1 46 56 91 45
0128_0032_0072_0072_0036.jpg 1 32 72 72 36
0129_0018_0063_0084_0042.jpg 1 18 63 84 42
0130_0022_0025_0103_0051.jpg 1 22 25 103 51
0131_0059_0084_0058_0029.jpg 1 59 84 58 29
0132_0044_0058_0059_0029.jpg 1 44 58 59 29
0133_0052_0014_0083_0041.jpg 1 52 14 83 41
0134_0028_0049_0058_0029.jpg 1 28 49 58 29
0135_0076_0099_0063_0031.jpg 1 76 99 63 31
0136_0054_0080_0078_0039.jpg 1 54 80 78 39
0137_0047_0084_0097_0048.jpg 1 47 84 97 48
0138_0044_0023_0094_0047.jpg 1 44 23 94 47
0139_0017_0074_0088_0044.jpg 1 17 74 88 44
0140_0019_0044_0102_0051.jpg 1 19 44 102 51
0141_0027_0027_0053_0026.jpg 1 27 27 53 26
0142_0009_0083_0084_0042.jpg 1 9 83 84 42
0143_0039_0019_0059_0029.jpg 1 39 19 59 29
0144_0012_0091_0058_0029.jpg 1 12 91 58 29
0145_0048_0032_0096_0048.jpg 1 48 32 96 48
0146_0017_0100_0051_0025.jpg 1 17 100 51 25
0147_0036_0078_0089_0044.jpg 1 36 78 89 44
0148_0052_0092_0076_0038.jpg 1 52 92 76 38
0149_0026_0049_0101_0050.jpg 1 26 49 101 50
0150_0054_0046_0080_0040.jpg 1 54 46 80 40
0151_0031_0088_0085_0042.jpg 1 31 88 85 42
0152_0037_0107_0057_0028.jpg 1 37 107 57 28
0153_0033_0051_0083_0041.jpg 1 33 51 83 41
0154_0040_0076_0102_0051.jpg 1 40 76 102 51
0155_0020_0059_0081_0040.jpg 1 20 59 81 40
0156_0057_0054_0083_0041.jpg 1 57 54 83 41
0157_0026_0083_0054_0027.jpg 1 26 83 54 27
0158_0048_0048_0079_0039.jpg 1 48 48 79 39
0159_0015_0013_0057_0028.jpg 1 15 13 57 28
0160_0018_0036_0068_0034.jpg 1 18 36 68 34
0161_0041_0063_0097_0048.jpg 1 41 63 97 48
0162_0011_0085_0082_0041.jpg 1 11 85 82 41
0163_0046_0062_0057_0028.jpg 1 46 62 57 28
0164_0026_0077_0058_0029.jpg 1 26 77 58 29
0165_0012_0081_0057_0028.jpg 1 12 81 57 28
0166_0013_0072_0052_0026.jpg 1 13 72 52 26
0167_0018_0042_0096_0048.jpg 1 18 42 96 48
0168_0049_0020_0061_0030.jpg 1 49 20 61 30
0169_0052_0062_0086_0043.jpg 1 52 62 86 43
0170_0045_0035_0099_0049.jpg 1 45 35 99 49
0171_0032_0048_0091_0045.jpg 1 32 48 91 45
0172_0035_0053_0094_0047.jpg 1 35 53 94 47
0173_0067_0071_0058_0029.jpg 1 67 71 58 29
0174_0008_0020_0100_0050.jpg 1 8 20 100 50
0175_0043_0045_0063_0031.jpg 1 43 45 63 31
0176_0043_0074_0099_0049.jpg 1 43 74 99 49
0177_0029_0021_0058_0029.jpg 1 29 21 58 29
0178_0041_0060_0068_0034.jpg 1 41 60 68 34
0179_0064_0066_0069_0034.jpg 1 64 66 69 34
0180_0012_0063_0101_0050.jpg 1 12 63 101 50
0181_0034_0036_0094_0047.jpg 1 34 36 94 47
0182_0051_0041_0073_0036.jpg 1 51 41 73 36
0183_0027_0045_0060_0030.jpg 1 27 45 60 30
0184_0023_0057_0080_0040.jpg 1 23 57 80 40
0185_0060_0052_0059_0029.jpg 1 60 52 59 29
0186_0056_0060_0083_0041.jpg 1 56 60 83 41
0187_0067_0098_0074_0037.jpg 1 67 98 74 37
0188_0062_0026_0051_0025.jpg 1 62 26 51 25
0189_0061_0030_0064_0032.jpg 1 61 30 64 32
0190_0061_0058_0081_0040.jpg 1 61 58 81 40
0191_0040_0045_0097_0048.jpg 1 40 45 97 48
0192_0039_0061_0092_0046.jpg 1 39 61 92 46
0193_0050_0066_0089_0044.jpg 1 50 66 89 44
0194_0028_0090_0077_0038.jpg 1 28 90 77 38
0195_0054_0019_0056_0028.jpg 1 54 19 56 28
0196_0071_0078_0064_0032.jpg 1 71 78 64 32
0197_0019_0033_0081_0040.jpg 1 19 33 81 40
0198_0019_0045_0072_0036.jpg 1 19 45 72 36
0199_0054_0096_0068_0034.jpg 1 54 96 68 34
0200_0014_0032_0104_0052.jpg 1 14 32 104 52
0001_0029_0071_0101_0050.jpg 1 29 71 101 50
0002_0020_0020_0100_0050.jpg 1 20 20 100 50
0003_0038_0084_0102_0051.jpg 1 38 84 102 51
0004_0025_0058_0091_0045.jpg 1 25 58 91 45
0005_0071_0032_0057_0028.jpg 1 71 32 57 28
0006_0056_0029_0077_0038.jpg 1 56 29 77 38
0007_0030_0067_0073_0036.jpg 1 30 67 73 36
0008_0031_0069_0055_0027.jpg 1 31 69 55 27
0009_0021_0023_0103_0051.jpg 1 21 23 103 51
0010_0020_0021_0089_0044.jpg 1 20 21 89 44
0011_0017_0102_0052_0026.jpg 1 17 102 52 26
0012_0008_0037_0101_0050.jpg 1 8 37 101 50
0013_0009_0026_0081_0040.jpg 1 9 26 81 40
0014_0028_0066_0063_0031.jpg 1 28 66 63 31
0015_0041_0055_0085_0042.jpg 1 41 55 85 42
0016_0043_0086_0082_0041.jpg 1 43 86 82 41
0017_0045_0058_0082_0041.jpg 1 45 58 82 41
0018_0059_0042_0063_0031.jpg 1 59 42 63 31
0019_0030_0013_0098_0049.jpg 1 30 13 98 49
0020_0042_0017_0076_0038.jpg 1 42 17 76 38
0021_0044_0080_0059_0029.jpg 1 44 80 59 29
0022_0017_0080_0103_0051.jpg 1 17 80 103 51
0023_0032_0074_0058_0029.jpg 1 32 74 58 29
0024_0042_0043_0068_0034.jpg 1 42 43 68 34
0025_0019_0028_0084_0042.jpg 1 19 28 84 42
0026_0056_0023_0071_0035.jpg 1 56 23 71 35
0027_0035_0038_0102_0051.jpg 1 35 38 102 51
0028_0049_0067_0094_0047.jpg 1 49 67 94 47
0029_0049_0097_0050_0025.jpg 1 49 97 50 25
0030_0034_0080_0094_0047.jpg 1 34 80 94 47
0031_0044_0028_0080_0040.jpg 1 44 28 80 40
0032_0018_0075_0065_0032.jpg 1 18 75 65 32
0033_0039_0050_0075_0037.jpg 1 39 50 75 37
0034_0019_0075_0052_0026.jpg 1 19 75 52 26
0035_0023_0071_0072_0036.jpg 1 23 71 72 36
0036_0047_0052_0077_0038.jpg 1 47 52 77 38
0037_0062_0021_0053_0026.jpg 1 62 21 53 26
0038_0047_0080_0084_0042.jpg 1 47 80 84 42
0039_0037_0013_0075_0037.jpg 1 37 13 75 37
0040_0025_0083_0085_0042.jpg 1 25 83 85 42
0041_0023_0053_0091_0045.jpg 1 23 53 91 45
0042_0045_0053_0069_0034.jpg 1 45 53 69 34
0043_0023_0043_0067_0033.jpg 1 23 43 67 33
0044_0010_0073_0104_0052.jpg 1 10 73 104 52
0045_0072_0071_0069_0034.jpg 1 72 71 69 34
0046_0044_0047_0087_0043.jpg 1 44 47 87 43
0047_0052_0054_0084_0042.jpg 1 52 54 84 42
0048_0035_0062_0082_0041.jpg 1 35 62 82 41
0049_0011_0075_0074_0037.jpg 1 11 75 74 37
0050_0015_0017_0057_0028.jpg 1 15 17 57 28
0051_0027_0072_0092_0046.jpg 1 27 72 92 46
0052_0012_0038_0101_0050.jpg 1 12 38 101 50
0053_0021_0018_0102_0051.jpg 1 21 18 102 51
0054_0063_0077_0065_0032.jpg 1 63 77 65 32
0055_0089_0090_0050_0025.jpg 1 89 90 50 25
0056_0021_0043_0079_0039.jpg 1 21 43 79 39
0057_0059_0027_0079_0039.jpg 1 59 27 79 39
0058_0026_0084_0064_0032.jpg 1 26 84 64 32
0059_0023_0041_0104_0052.jpg 1 23 41 104 52
0060_0044_0072_0051_0025.jpg 1 44 72 51 25
0061_0022_0059_0096_0048.jpg 1 22 59 96 48
0062_0027_0079_0079_0039.jpg 1 27 79 79 39
0063_0019_0050_0093_0046.jpg 1 19 50 93 46
0064_0037_0051_0089_0044.jpg 1 37 51 89 44
0065_0035_0049_0098_0049.jpg 1 35 49 98 49
0066_0027_0089_0098_0049.jpg 1 27 89 98 49
0067_0019_0052_0080_0040.jpg 1 19 52 80 40
0068_0034_0088_0088_0044.jpg 1 34 88 88 44
0069_0010_0023_0057_0028.jpg 1 10 23 57 28
0070_0031_0056_0065_0032.jpg 1 31 56 65 32
0071_0070_0096_0054_0027.jpg 1 70 96 54 27
0072_0008_0089_0072_0036.jpg 1 8 89 72 36
0073_0028_0023_0092_0046.jpg 1 28 23 92 46
0074_0029_0063_0054_0027.jpg 1 29 63 54 27
0075_0018_0091_0088_0044.jpg 1 18 91 88 44
0076_0070_0080_0065_0032.jpg 1 70 80 65 32
0077_0015_0047_0070_0035.jpg 1 15 47 70 35
0078_0061_0072_0064_0032.jpg 1 61 72 64 32
0079_0066_0087_0071_0035.jpg 1 66 87 71 35
0080_0043_0063_0094_0047.jpg 1 43 63 94 47
0081_0064_0069_0061_0030.jpg 1 64 69 61 30
0082_0023_0030_0101_0050.jpg 1 23 30 101 50
0083_0044_0055_0098_0049.jpg 1 44 55 98 49
0084_0039_0027_0082_0041.jpg 1 39 27 82 41
0085_0054_0109_0054_0027.jpg 1 54 109 54 27
0086_0076_0014_0062_0031.jpg 1 76 14 62 31
0087_0011_0017_0101_0050.jpg 1 11 17 101 50
0088_0013_0062_0102_0051.jpg 1 13 62 102 51
0089_0006_0030_0103_0051.jpg 1 6 30 103 51
0090_0019_0015_0071_0035.jpg 1 19 15 71 35
0091_0036_0033_0069_0034.jpg 1 36 33 69 34
0092_0051_0023_0069_0034.jpg 1 51 23 69 34
0093_0024_0060_0096_0048.jpg 1 24 60 96 48
0094_0034_0080_0091_0045.jpg 1 34 80 91 45
0095_0018_0073_0101_0050.jpg 1 18 73 101 50
0096_0049_0034_0073_0036.jpg 1 49 34 73 36
0097_0035_0084_0052_0026.jpg 1 35 84 52 26
0098_0038_0065_0074_0037.jpg 1 38 65 74 37
0099_0034_0018_0095_0047.jpg 1 34 18 95 47
0100_0046_0086_0094_0047.jpg 1 46 86 94 47
0101_0027_0079_0097_0048.jpg 1 27 79 97 48
0102_0018_0064_0066_0033.jpg 1 18 64 66 33
0103_0050_0083_0053_0026.jpg 1 50 83 53 26
0104_0047_0011_0093_0046.jpg 1 47 11 93 46
0105_0008_0045_0091_0045.jpg 1 8 45 91 45
0106_0029_0023_0101_0050.jpg 1 29 23 101 50
0107_0071_0056_0054_0027.jpg 1 71 56 54 27
0108_0038_0053_0097_0048.jpg 1 38 53 97 48
0109_0037_0042_0079_0039.jpg 1 37 42 79 39
0110_0008_0065_0078_0039.jpg 1 8 65 78 39
0111_0037_0090_0079_0039.jpg 1 37 90 79 39
0112_0052_0069_0051_0025.jpg 1 52 69 51 25
0113_0063_0055_0068_0034.jpg 1 63 55 68 34
0114_0060_0095_0063_0031.jpg 1 60 95 63 31
0115_0056_0094_0070_0035.jpg 1 56 94 70 35
0116_0079_0069_0056_0028.jpg 1 79 69 56 28
0117_0040_0097_0070_0035.jpg 1 40 97 70 35
0118_0038_0065_0088_0044.jpg 1 38 65 88 44
0119_0009_0073_0092_0046.jpg 1 9 73 92 46
0120_0027_0057_0092_0046.jpg 1 27 57 92 46
0121_0052_0029_0089_0044.jpg 1 52 29 89 44
0122_0018_0024_0099_0049.jpg 1 18 24 99 49
0123_0030_0046_0050_0025.jpg 1 30 46 50 25
0124_0026_0064_0096_0048.jpg 1 26 64 96 48
0125_0081_0105_0052_0026.jpg 1 81 105 52 26
0126_0022_0076_0104_0052.jpg 1 22 76 104 52
0127_0009_0038_0096_0048.jpg 1 9 38 96 48
0128_0034_0041_0090_0045.jpg 1 34 41 90 45
0129_0006_0053_0090_0045.jpg 1 6 53 90 45
0130_0021_0032_0094_0047.jpg 1 21 32 94 47
0131_0031_0024_0092_0046.jpg 1 31 24 92 46
0132_0047_0095_0073_0036.jpg 1 47 95 73 36
0133_0035_0048_0068_0034.jpg 1 35 48 68 34
0134_0047_0086_0055_0027.jpg 1 47 86 55 27
0135_0069_0037_0072_0036.jpg 1 69 37 72 36
0136_0071_0099_0056_0028.jpg 1 71 99 56 28
0137_0051_0066_0080_0040.jpg 1 51 66 80 40
0138_0044_0059_0095_0047.jpg 1 44 59 95 47
0139_0045_0062_0073_0036.jpg 1 45 62 73 36
0140_0021_0080_0054_0027.jpg 1 21 80 54 27
0141_0042_0074_0063_0031.jpg 1 42 74 63 31
0142_0016_0093_0090_0045.jpg 1 16 93 90 45
0143_0044_0032_0098_0049.jpg 1 44 32 98 49
0144_0054_0084_0089_0044.jpg 1 54 84 89 44
0145_0008_0013_0101_0050.jpg 1 8 13 101 50
0146_0022_0075_0069_0034.jpg 1 22 75 69 34
0147_0007_0012_0093_0046.jpg 1 7 12 93 46
0148_0037_0073_0098_0049.jpg 1 37 73 98 49
0149_0010_0035_0085_0042.jpg 1 10 35 85 42
0150_0083_0048_0057_0028.jpg 1 83 48 57 28
0151_0025_0022_0077_0038.jpg 1 25 22 77 38
0152_0021_0071_0092_0046.jpg 1 21 71 92 46
0153_0021_0106_0061_0030.jpg 1 21 106 61 30
0154_0008_0014_0098_0049.jpg 1 8 14 98 49
0155_0047_0068_0091_0045.jpg 1 47 68 91 45
0156_0043_0081_0072_0036.jpg 1 43 81 72 36
0157_0072_0076_0065_0032.jpg 1 72 76 65 32
0158_0013_0066_0065_0032.jpg 1 13 66 65 32
0159_0041_0043_0072_0036.jpg 1 41 43 72 36
0160_0058_0101_0064_0032.jpg 1 58 101 64 32
0161_0056_0058_0068_0034.jpg 1 56 58 68 34
0162_0046_0103_0061_0030.jpg 1 46 103 61 30
0163_0011_0056_0093_0046.jpg 1 11 56 93 46
0164_0047_0045_0092_0046.jpg 1 47 45 92 46
0165_0019_0069_0064_0032.jpg 1 19 69 64 32
0166_0058_0063_0067_0033.jpg 1 58 63 67 33
0167_0019_0027_0090_0045.jpg 1 19 27 90 45
0168_0016_0031_0095_0047.jpg 1 16 31 95 47
0169_0065_0031_0059_0029.jpg 1 65 31 59 29
0170_0049_0019_0089_0044.jpg 1 49 19 89 44
0171_0067_0012_0065_0032.jpg 1 67 12 65 32
0172_0010_0050_0103_0051.jpg 1 10 50 103 51
0173_0060_0069_0051_0025.jpg 1 60 69 51 25
0174_0016_0072_0078_0039.jpg 1 16 72 78 39
0175_0029_0040_0077_0038.jpg 1 29 40 77 38
0176_0017_0076_0098_0049.jpg 1 17 76 98 49
0177_0050_0087_0063_0031.jpg 1 50 87 63 31
0178_0015_0058_0096_0048.jpg 1 15 58 96 48
0179_0025_0082_0087_0043.jpg 1 25 82 87 43
0180_0071_0082_0068_0034.jpg 1 71 82 68 34
0181_0049_0088_0091_0045.jpg 1 49 88 91 45
0182_0050_0076_0055_0027.jpg 1 50 76 55 27
0183_0040_0066_0096_0048.jpg 1 40 66 96 48
0184_0018_0055_0075_0037.jpg 1 18 55 75 37
0185_0023_0011_0095_0047.jpg 1 23 11 95 47
0186_0086_0019_0053_0026.jpg 1 86 19 53 26
0187_0009_0049_0057_0028.jpg 1 9 49 57 28
0188_0009_0077_0058_0029.jpg 1 9 77 58 29
0189_0015_0082_0076_0038.jpg 1 15 82 76 38
0190_0024_0029_0074_0037.jpg 1 24 29 74 37
0191_0044_0032_0060_0030.jpg 1 44 32 60 30
0192_0034_0083_0100_0050.jpg 1 34 83 100 50
0193_0013_0040_0092_0046.jpg 1 13 40 92 46
0194_0018_0086_0096_0048.jpg 1 18 86 96 48
0195_0071_0078_0067_0033.jpg 1 71 78 67 33
0196_0037_0064_0083_0041.jpg 1 37 64 83 41
0197_0031_0081_0100_0050.jpg 1 31 81 100 50
0198_0026_0088_0061_0030.jpg 1 26 88 61 30
0199_0035_0077_0074_0037.jpg 1 35 77 74 37
0200_0023_0100_0061_0030.jpg 1 23 100 61 30
luft1.jpg 1 10 38 580 275
luft2.jpg 1 25 76 564 241
luft3.jpg 1 7 113 580 216
luft4.jpg 1 60 164 460 140 
luft5.jpg 1 7 63 584 270
luft7.jpg 1 12 60 580 270
